<?xml version='1.0' encoding='UTF-8'?>
<testsuite hostname="dhcp-10-24-129-196.wlan.ntnu.no" name="Test15" tests="1" errors="0" failures="1" skipped="0" time="5.022" timestamp="2018-10-06T13:07:56">
                     <properties>
[...]
</properties>
                     <testcase classname="Test15" name=" All information should be correct" time="5.022">
                                                 <failure message="Ask timed out on [Actor[akka://BankManager/user/bank1501#1787721842]] after [5000 ms]. Message of type [CreateAccountRequest]. A typical reason for `AskTimeoutException` is that the recipient actor didn't send a reply." type="akka.pattern.AskTimeoutException">akka.pattern.AskTimeoutException: Ask timed out on [Actor[akka://BankManager/user/bank1501#1787721842]] after [5000 ms]. Message of type [CreateAccountRequest]. A typical reason for `AskTimeoutException` is that the recipient actor didn't send a reply.
	at akka.pattern.PromiseActorRef$.$anonfun$defaultOnTimeout$1(AskSupport.scala:635)
	at akka.pattern.PromiseActorRef$.$anonfun$apply$1(AskSupport.scala:650)
	at akka.actor.Scheduler$$anon$4.run(Scheduler.scala:205)
	at scala.concurrent.Future$InternalCallbackExecutor$.unbatchedExecute(Future.scala:870)
	at scala.concurrent.BatchingExecutor.execute(BatchingExecutor.scala:109)
	at scala.concurrent.BatchingExecutor.execute$(BatchingExecutor.scala:103)
	at scala.concurrent.Future$InternalCallbackExecutor$.execute(Future.scala:868)
	at akka.actor.LightArrayRevolverScheduler$TaskHolder.executeTask(LightArrayRevolverScheduler.scala:328)
	at akka.actor.LightArrayRevolverScheduler$$anon$4.executeBucket$1(LightArrayRevolverScheduler.scala:279)
	at akka.actor.LightArrayRevolverScheduler$$anon$4.nextTick(LightArrayRevolverScheduler.scala:283)
	at akka.actor.LightArrayRevolverScheduler$$anon$4.run(LightArrayRevolverScheduler.scala:235)
	at java.lang.Thread.run(Thread.java:748)
</failure>
                                               </testcase>
                     <system-out><![CDATA[]]></system-out>
                     <system-err><![CDATA[]]></system-err>
                   </testsuite>